<?xml version="1.0" encoding="UTF-8"?>
<!-- Generated by org.testng.reporters.JUnitReportReporter -->
<testsuite skipped="0" hostname="ICPL12169" name="Parent.Parent.TestPage" tests="1" failures="0" timestamp="17 May 2017 09:32:36 GMT" time="10.000" errors="0">
  <testcase name="testApp" time="10.000" classname="Parent.Parent.TestPage"/>
</testsuite> <!-- Parent.Parent.TestPage -->
